<?xml version="1.0" encoding="UTF-8"?>
<testsuite xmlns:xsi="http://www.w3.org/2001/XMLSchema-instance" xsi:noNamespaceSchemaLocation="https://maven.apache.org/surefire/maven-surefire-plugin/xsd/surefire-test-report.xsd" name="org.pentaho.di.sdk.samples.steps.demo.DemoStepDataTest" time="2.939" tests="1" errors="0" skipped="0" failures="0">
  <properties>
    <property name="sun.desktop" value="windows"/>
    <property name="awt.toolkit" value="sun.awt.windows.WToolkit"/>
    <property name="java.specification.version" value="11"/>
    <property name="sun.cpu.isalist" value="amd64"/>
    <property name="sun.jnu.encoding" value="Cp1252"/>
    <property name="java.class.path" value="C:\Users\jramalho\proj_base_ex\kettle-sdk-plugin-assembly-8.1.0.0-365\kettle-sdk-plugin-assembly-8.1.0.0-365\kettle-sdk-step-plugin\target\test-classes;C:\Users\jramalho\proj_base_ex\kettle-sdk-plugin-assembly-8.1.0.0-365\kettle-sdk-plugin-assembly-8.1.0.0-365\kettle-sdk-step-plugin\target\classes;C:\Users\jramalho\.m2\repository\org\pentaho\pentaho-metadata\8.1.0.0-365\pentaho-metadata-8.1.0.0-365.jar;C:\Users\jramalho\.m2\repository\joda-time\joda-time\1.6\joda-time-1.6.jar;C:\Users\jramalho\.m2\repository\commons-lang\commons-lang\2.6\commons-lang-2.6.jar;C:\Users\jramalho\.m2\repository\commons-io\commons-io\2.2\commons-io-2.2.jar;C:\Users\jramalho\.m2\repository\commons-logging\commons-logging\1.1.1\commons-logging-1.1.1.jar;C:\Users\jramalho\.m2\repository\commons-math\commons-math\1.1\commons-math-1.1.jar;C:\Users\jramalho\.m2\repository\org\apache\httpcomponents\httpclient\4.5.3\httpclient-4.5.3.jar;C:\Users\jramalho\.m2\repository\org\apache\httpcomponents\httpcore\4.4.6\httpcore-4.4.6.jar;C:\Users\jramalho\.m2\repository\log4j\log4j\1.2.16\log4j-1.2.16.jar;C:\Users\jramalho\.m2\repository\com\thoughtworks\xstream\xstream\1.4.10\xstream-1.4.10.jar;C:\Users\jramalho\.m2\repository\org\netbeans\jmi\200507110943\jmi-200507110943.jar;C:\Users\jramalho\.m2\repository\org\netbeans\mdrapi\200507110943\mdrapi-200507110943.jar;C:\Users\jramalho\.m2\repository\org\netbeans\mof\200507110943\mof-200507110943.jar;C:\Users\jramalho\.m2\repository\org\netbeans\nbmdr\200507110943-custom\nbmdr-200507110943-custom.jar;C:\Users\jramalho\.m2\repository\pentaho\pentaho-connections\8.1.0.0-365\pentaho-connections-8.1.0.0-365.jar;C:\Users\jramalho\.m2\repository\pentaho\pentaho-cwm\1.5.4\pentaho-cwm-1.5.4.jar;C:\Users\jramalho\.m2\repository\org\netbeans\jmiutils\200507110943\jmiutils-200507110943.jar;C:\Users\jramalho\.m2\repository\org\netbeans\openide-util\200507110943\openide-util-200507110943.jar;C:\Users\jramalho\.m2\repository\org\pentaho\reporting\library\libformula\8.1.0.0-365\libformula-8.1.0.0-365.jar;C:\Users\jramalho\.m2\repository\org\pentaho\reporting\library\libbase\8.1.0.0-365\libbase-8.1.0.0-365.jar;C:\Users\jramalho\.m2\repository\pentaho-kettle\kettle-core\8.1.0.0-365\kettle-core-8.1.0.0-365.jar;C:\Users\jramalho\.m2\repository\pentaho\metastore\8.1.0.0-365\metastore-8.1.0.0-365.jar;C:\Users\jramalho\.m2\repository\org\slf4j\slf4j-api\1.7.7\slf4j-api-1.7.7.jar;C:\Users\jramalho\.m2\repository\org\slf4j\slf4j-log4j12\1.7.7\slf4j-log4j12-1.7.7.jar;C:\Users\jramalho\.m2\repository\commons-beanutils\commons-beanutils\1.9.3\commons-beanutils-1.9.3.jar;C:\Users\jramalho\.m2\repository\commons-codec\commons-codec\1.10\commons-codec-1.10.jar;C:\Users\jramalho\.m2\repository\org\apache\xmlgraphics\batik-bridge\1.9.1\batik-bridge-1.9.1.jar;C:\Users\jramalho\.m2\repository\org\apache\xmlgraphics\batik-css\1.9.1\batik-css-1.9.1.jar;C:\Users\jramalho\.m2\repository\org\apache\xmlgraphics\batik-dom\1.9.1\batik-dom-1.9.1.jar;C:\Users\jramalho\.m2\repository\org\apache\xmlgraphics\batik-gvt\1.9.1\batik-gvt-1.9.1.jar;C:\Users\jramalho\.m2\repository\org\apache\xmlgraphics\batik-svg-dom\1.9.1\batik-svg-dom-1.9.1.jar;C:\Users\jramalho\.m2\repository\org\apache\xmlgraphics\batik-transcoder\1.9.1\batik-transcoder-1.9.1.jar;C:\Users\jramalho\.m2\repository\org\apache\xmlgraphics\batik-codec\1.9.1\batik-codec-1.9.1.jar;C:\Users\jramalho\.m2\repository\org\apache\xmlgraphics\batik-util\1.9.1\batik-util-1.9.1.jar;C:\Users\jramalho\.m2\repository\org\apache\xmlgraphics\batik-ext\1.9.1\batik-ext-1.9.1.jar;C:\Users\jramalho\.m2\repository\org\apache\xmlgraphics\batik-xml\1.9.1\batik-xml-1.9.1.jar;C:\Users\jramalho\.m2\repository\org\apache\xmlgraphics\batik-anim\1.9.1\batik-anim-1.9.1.jar;C:\Users\jramalho\.m2\repository\org\apache\xmlgraphics\batik-parser\1.9.1\batik-parser-1.9.1.jar;C:\Users\jramalho\.m2\repository\org\apache\xmlgraphics\batik-script\1.9.1\batik-script-1.9.1.jar;C:\Users\jramalho\.m2\repository\org\apache\xmlgraphics\batik-awt-util\1.9.1\batik-awt-util-1.9.1.jar;C:\Users\jramalho\.m2\repository\org\apache\xmlgraphics\batik-constants\1.9.1\batik-constants-1.9.1.jar;C:\Users\jramalho\.m2\repository\org\apache\xmlgraphics\batik-i18n\1.9.1\batik-i18n-1.9.1.jar;C:\Users\jramalho\.m2\repository\xml-apis\xml-apis-ext\1.3.04\xml-apis-ext-1.3.04.jar;C:\Users\jramalho\.m2\repository\commons-collections\commons-collections\3.2.2\commons-collections-3.2.2.jar;C:\Users\jramalho\.m2\repository\org\apache\commons\commons-vfs2\2.2\commons-vfs2-2.2.jar;C:\Users\jramalho\.m2\repository\commons-dbcp\commons-dbcp\1.4\commons-dbcp-1.4.jar;C:\Users\jramalho\.m2\repository\commons-pool\commons-pool\1.5.7\commons-pool-1.5.7.jar;C:\Users\jramalho\.m2\repository\org\apache\commons\commons-compress\1.4.1\commons-compress-1.4.1.jar;C:\Users\jramalho\.m2\repository\dom4j\dom4j\1.6.1\dom4j-1.6.1.jar;C:\Users\jramalho\.m2\repository\org\eclipse\jetty\jetty-util\8.1.15.v20140411\jetty-util-8.1.15.v20140411.jar;C:\Users\jramalho\.m2\repository\jug-lgpl\jug-lgpl\2.0.0\jug-lgpl-2.0.0.jar;C:\Users\jramalho\.m2\repository\com\jcraft\jzlib\1.0.7\jzlib-1.0.7.jar;C:\Users\jramalho\.m2\repository\ognl\ognl\2.6.9\ognl-2.6.9.jar;C:\Users\jramalho\.m2\repository\net\sf\scannotation\scannotation\1.0.2\scannotation-1.0.2.jar;C:\Users\jramalho\.m2\repository\com\wcohen\com.wcohen.secondstring\0.1\com.wcohen.secondstring-0.1.jar;C:\Users\jramalho\.m2\repository\org\javassist\javassist\3.20.0-GA\javassist-3.20.0-GA.jar;C:\Users\jramalho\.m2\repository\org\samba\jcifs\jcifs\1.3.3\jcifs-1.3.3.jar;C:\Users\jramalho\.m2\repository\org\apache\karaf\org.apache.karaf.main\3.0.3\org.apache.karaf.main-3.0.3.jar;C:\Users\jramalho\.m2\repository\pentaho\simple-jndi\1.0.0\simple-jndi-1.0.0.jar;C:\Users\jramalho\.m2\repository\pentaho-kettle\kettle-engine\8.1.0.0-365\kettle-engine-8.1.0.0-365.jar;C:\Users\jramalho\.m2\repository\org\pentaho\pdi-engine-api\8.1.0.0-365\pdi-engine-api-8.1.0.0-365.jar;C:\Users\jramalho\.m2\repository\javax\websocket\javax.websocket-api\1.0\javax.websocket-api-1.0.jar;C:\Users\jramalho\.m2\repository\org\reactivestreams\reactive-streams\1.0.0\reactive-streams-1.0.0.jar;C:\Users\jramalho\.m2\repository\org\pentaho\pentaho-registry\8.1.0.0-365\pentaho-registry-8.1.0.0-365.jar;C:\Users\jramalho\.m2\repository\pentaho\mondrian\8.1.0.0-365\mondrian-8.1.0.0-365.jar;C:\Users\jramalho\.m2\repository\xml-apis\xml-apis\1.0.b2\xml-apis-1.0.b2.jar;C:\Users\jramalho\.m2\repository\javax\validation\validation-api\1.0.0.GA\validation-api-1.0.0.GA.jar;C:\Users\jramalho\.m2\repository\eigenbase\eigenbase-xom\1.3.5\eigenbase-xom-1.3.5.jar;C:\Users\jramalho\.m2\repository\eigenbase\eigenbase-properties\1.1.2\eigenbase-properties-1.1.2.jar;C:\Users\jramalho\.m2\repository\eigenbase\eigenbase-resgen\1.3.1\eigenbase-resgen-1.3.1.jar;C:\Users\jramalho\.m2\repository\xerces\xercesImpl\2.8.1\xercesImpl-2.8.1.jar;C:\Users\jramalho\.m2\repository\javax\servlet\servlet-api\2.4\servlet-api-2.4.jar;C:\Users\jramalho\.m2\repository\javax\servlet\jsp-api\2.0\jsp-api-2.0.jar;C:\Users\jramalho\.m2\repository\javacup\javacup\10k\javacup-10k.jar;C:\Users\jramalho\.m2\repository\net\java\dev\javacc\javacc\5.0\javacc-5.0.jar;C:\Users\jramalho\.m2\repository\pentaho\pentaho-platform-api\8.1.0.0-365\pentaho-platform-api-8.1.0.0-365.jar;C:\Users\jramalho\.m2\repository\org\springframework\security\spring-security-core\4.1.3.RELEASE\spring-security-core-4.1.3.RELEASE.jar;C:\Users\jramalho\.m2\repository\org\springframework\spring-beans\4.3.2.RELEASE\spring-beans-4.3.2.RELEASE.jar;C:\Users\jramalho\.m2\repository\org\pentaho\actionsequence-dom\8.1.0.0-365\actionsequence-dom-8.1.0.0-365.jar;C:\Users\jramalho\.m2\repository\jaxen\jaxen\1.1\jaxen-1.1.jar;C:\Users\jramalho\.m2\repository\jdom\jdom\1.0\jdom-1.0.jar;C:\Users\jramalho\.m2\repository\xom\xom\1.0\xom-1.0.jar;C:\Users\jramalho\.m2\repository\xerces\xmlParserAPIs\2.6.2\xmlParserAPIs-2.6.2.jar;C:\Users\jramalho\.m2\repository\xalan\xalan\2.6.0\xalan-2.6.0.jar;C:\Users\jramalho\.m2\repository\com\ibm\icu\icu4j\2.6.1\icu4j-2.6.1.jar;C:\Users\jramalho\.m2\repository\org\pentaho\commons-database-model\8.1.0.0-365\commons-database-model-8.1.0.0-365.jar;C:\Users\jramalho\.m2\repository\pentaho\pentaho-service-coordinator\8.1.0.0-365\pentaho-service-coordinator-8.1.0.0-365.jar;C:\Users\jramalho\.m2\repository\org\pentaho\reporting\library\libfonts\8.1.0.0-365\libfonts-8.1.0.0-365.jar;C:\Users\jramalho\.m2\repository\org\pentaho\reporting\library\libloader\8.1.0.0-365\libloader-8.1.0.0-365.jar;C:\Users\jramalho\.m2\repository\org\pentaho\reporting\library\libpixie\8.1.0.0-365\libpixie-8.1.0.0-365.jar;C:\Users\jramalho\.m2\repository\org\apache\xmlgraphics\batik-gui-util\1.9.1\batik-gui-util-1.9.1.jar;C:\Users\jramalho\.m2\repository\org\apache\xmlgraphics\xmlgraphics-commons\2.2\xmlgraphics-commons-2.2.jar;C:\Users\jramalho\.m2\repository\com\lowagie\itext\2.1.7\itext-2.1.7.jar;C:\Users\jramalho\.m2\repository\org\pentaho\reporting\engine\classic-core\8.1.0.0-365\classic-core-8.1.0.0-365.jar;C:\Users\jramalho\.m2\repository\org\pentaho\reporting\library\libdocbundle\8.1.0.0-365\libdocbundle-8.1.0.0-365.jar;C:\Users\jramalho\.m2\repository\org\pentaho\reporting\library\libformat\8.1.0.0-365\libformat-8.1.0.0-365.jar;C:\Users\jramalho\.m2\repository\org\pentaho\reporting\library\librepository\8.1.0.0-365\librepository-8.1.0.0-365.jar;C:\Users\jramalho\.m2\repository\org\pentaho\reporting\library\libserializer\8.1.0.0-365\libserializer-8.1.0.0-365.jar;C:\Users\jramalho\.m2\repository\org\pentaho\reporting\library\libxml\8.1.0.0-365\libxml-8.1.0.0-365.jar;C:\Users\jramalho\.m2\repository\org\pentaho\reporting\library\libswing\8.1.0.0-365\libswing-8.1.0.0-365.jar;C:\Users\jramalho\.m2\repository\org\pentaho\reporting\library\flute\8.1.0.0-365\flute-8.1.0.0-365.jar;C:\Users\jramalho\.m2\repository\org\w3c\css\sac\1.3\sac-1.3.jar;C:\Users\jramalho\.m2\repository\org\fife\ui\rsyntaxtextarea\1.3.2\rsyntaxtextarea-1.3.2.jar;C:\Users\jramalho\.m2\repository\bsf\bsf\2.4.0\bsf-2.4.0.jar;C:\Users\jramalho\.m2\repository\org\beanshell\bsh\1.3.0\bsh-1.3.0.jar;C:\Users\jramalho\.m2\repository\org\codehaus\groovy\groovy-all\2.4.8\groovy-all-2.4.8.jar;C:\Users\jramalho\.m2\repository\asm\asm\3.2\asm-3.2.jar;C:\Users\jramalho\.m2\repository\com\lowagie\itext-rtf\2.1.7\itext-rtf-2.1.7.jar;C:\Users\jramalho\.m2\repository\bouncycastle\bcprov-jdk14\138\bcprov-jdk14-138.jar;C:\Users\jramalho\.m2\repository\bouncycastle\bcmail-jdk14\138\bcmail-jdk14-138.jar;C:\Users\jramalho\.m2\repository\rhino\js\1.7R3\js-1.7R3.jar;C:\Users\jramalho\.m2\repository\org\antlr\antlr-complete\3.5.2\antlr-complete-3.5.2.jar;C:\Users\jramalho\.m2\repository\commons-validator\commons-validator\1.3.1\commons-validator-1.3.1.jar;C:\Users\jramalho\.m2\repository\com\enterprisedt\edtftpj\2.1.0\edtftpj-2.1.0.jar;C:\Users\jramalho\.m2\repository\com\googlecode\jsendnsca\jsendnsca\2.0.1\jsendnsca-2.0.1.jar;C:\Users\jramalho\.m2\repository\feed4j\feed4j\1.0\feed4j-1.0.jar;C:\Users\jramalho\.m2\repository\ftp4che\ftp4che\0.7.1\ftp4che-0.7.1.jar;C:\Users\jramalho\.m2\repository\georss-rome\georss-rome\0.9.8\georss-rome-0.9.8.jar;C:\Users\jramalho\.m2\repository\infobright\infobright-core\3.4\infobright-core-3.4.jar;C:\Users\jramalho\.m2\repository\org\ini4j\ini4j\0.5.1\ini4j-0.5.1.jar;C:\Users\jramalho\.m2\repository\janino\janino\2.5.16\janino-2.5.16.jar;C:\Users\jramalho\.m2\repository\javadbf\javadbf\20081125\javadbf-20081125.jar;C:\Users\jramalho\.m2\repository\jfree\jcommon\1.0.16\jcommon-1.0.16.jar;C:\Users\jramalho\.m2\repository\com\googlecode\json-simple\json-simple\1.1\json-simple-1.1.jar;C:\Users\jramalho\.m2\repository\jsonpath\jsonpath\1.0\jsonpath-1.0.jar;C:\Users\jramalho\.m2\repository\com\sun\jersey\contribs\jersey-apache-client4\1.19.1\jersey-apache-client4-1.19.1.jar;C:\Users\jramalho\.m2\repository\com\sun\jersey\jersey-bundle\1.19.1\jersey-bundle-1.19.1.jar;C:\Users\jramalho\.m2\repository\com\sun\jersey\jersey-client\1.19.1\jersey-client-1.19.1.jar;C:\Users\jramalho\.m2\repository\com\sun\jersey\jersey-core\1.19.1\jersey-core-1.19.1.jar;C:\Users\jramalho\.m2\repository\jexcelapi\jxl\2.6.12\jxl-2.6.12.jar;C:\Users\jramalho\.m2\repository\ldapjdk\ldapjdk\20000524\ldapjdk-20000524.jar;C:\Users\jramalho\.m2\repository\monetdb\monetdb-jdbc\2.8\monetdb-jdbc-2.8.jar;C:\Users\jramalho\.m2\repository\org\odftoolkit\odfdom-java\0.8.6\odfdom-java-0.8.6.jar;C:\Users\jramalho\.m2\repository\org\apache\poi\poi\3.17\poi-3.17.jar;C:\Users\jramalho\.m2\repository\org\apache\poi\poi-ooxml\3.17\poi-ooxml-3.17.jar;C:\Users\jramalho\.m2\repository\org\apache\poi\poi-ooxml-schemas\3.17\poi-ooxml-schemas-3.17.jar;C:\Users\jramalho\.m2\repository\org\apache\commons\commons-collections4\4.1\commons-collections4-4.1.jar;C:\Users\jramalho\.m2\repository\org\apache\xmlbeans\xmlbeans\2.6.0\xmlbeans-2.6.0.jar;C:\Users\jramalho\.m2\repository\org\postgresql\postgresql\42.1.1\postgresql-42.1.1.jar;C:\Users\jramalho\.m2\repository\rome\rome\1.0\rome-1.0.jar;C:\Users\jramalho\.m2\repository\org\eobjects\sassyreader\SassyReader\0.5\SassyReader-0.5.jar;C:\Users\jramalho\.m2\repository\net\sf\saxon\saxon\9.1.0.8\saxon-9.1.0.8.jar;C:\Users\jramalho\.m2\repository\net\sf\saxon\saxon-dom\9.1.0.8\saxon-dom-9.1.0.8.jar;C:\Users\jramalho\.m2\repository\org\yaml\snakeyaml\1.7\snakeyaml-1.7.jar;C:\Users\jramalho\.m2\repository\org\snmp4j\snmp4j\1.9.3d\snmp4j-1.9.3d.jar;C:\Users\jramalho\.m2\repository\org\syslog4j\syslog4j\0.9.46\syslog4j-0.9.46.jar;C:\Users\jramalho\.m2\repository\trilead-ssh2\trilead-ssh2\build213\trilead-ssh2-build213.jar;C:\Users\jramalho\.m2\repository\javax\xml\jaxrpc-api\1.1\jaxrpc-api-1.1.jar;C:\Users\jramalho\.m2\repository\org\olap4j\olap4j\1.2.0\olap4j-1.2.0.jar;C:\Users\jramalho\.m2\repository\org\olap4j\olap4j-xmla\1.2.0\olap4j-xmla-1.2.0.jar;C:\Users\jramalho\.m2\repository\wsdl4j\wsdl4j\1.6.2\wsdl4j-1.6.2.jar;C:\Users\jramalho\.m2\repository\wsdl4j\wsdl4j-qname\1.6.1\wsdl4j-qname-1.6.1.jar;C:\Users\jramalho\.m2\repository\net\sf\ehcache\ehcache-core\2.5.1\ehcache-core-2.5.1.jar;C:\Users\jramalho\.m2\repository\com\fasterxml\jackson\jaxrs\jackson-jaxrs-json-provider\2.9.4\jackson-jaxrs-json-provider-2.9.4.jar;C:\Users\jramalho\.m2\repository\com\fasterxml\jackson\jaxrs\jackson-jaxrs-base\2.9.4\jackson-jaxrs-base-2.9.4.jar;C:\Users\jramalho\.m2\repository\com\fasterxml\jackson\module\jackson-module-jaxb-annotations\2.9.4\jackson-module-jaxb-annotations-2.9.4.jar;C:\Users\jramalho\.m2\repository\org\hibernate\hibernate-core\3.6.9.Final\hibernate-core-3.6.9.Final.jar;C:\Users\jramalho\.m2\repository\org\hibernate\hibernate-c3p0\3.6.9.Final\hibernate-c3p0-3.6.9.Final.jar;C:\Users\jramalho\.m2\repository\org\hibernate\hibernate-commons-annotations\3.2.0.Final\hibernate-commons-annotations-3.2.0.Final.jar;C:\Users\jramalho\.m2\repository\org\hibernate\hibernate-ehcache\3.6.9.Final\hibernate-ehcache-3.6.9.Final.jar;C:\Users\jramalho\.m2\repository\cglib\cglib-nodep\2.2\cglib-nodep-2.2.jar;C:\Users\jramalho\.m2\repository\net\sourceforge\nekohtml\nekohtml\1.9.15\nekohtml-1.9.15.jar;C:\Users\jramalho\.m2\repository\javax\mail\mail\1.4.7\mail-1.4.7.jar;C:\Users\jramalho\.m2\repository\javax\activation\activation\1.1\activation-1.1.jar;C:\Users\jramalho\.m2\repository\org\mnode\mstor\mstor\0.9.13\mstor-0.9.13.jar;C:\Users\jramalho\.m2\repository\org\xerial\snappy\snappy-java\1.1.0\snappy-java-1.1.0.jar;C:\Users\jramalho\.m2\repository\commons-cli\commons-cli\1.2\commons-cli-1.2.jar;C:\Users\jramalho\.m2\repository\org\eclipse\jetty\jetty-plus\8.1.15.v20140411\jetty-plus-8.1.15.v20140411.jar;C:\Users\jramalho\.m2\repository\org\eclipse\jetty\jetty-server\8.1.15.v20140411\jetty-server-8.1.15.v20140411.jar;C:\Users\jramalho\.m2\repository\org\eclipse\jetty\jetty-continuation\8.1.15.v20140411\jetty-continuation-8.1.15.v20140411.jar;C:\Users\jramalho\.m2\repository\org\eclipse\jetty\jetty-http\8.1.15.v20140411\jetty-http-8.1.15.v20140411.jar;C:\Users\jramalho\.m2\repository\org\eclipse\jetty\jetty-io\8.1.15.v20140411\jetty-io-8.1.15.v20140411.jar;C:\Users\jramalho\.m2\repository\org\eclipse\jetty\jetty-security\8.1.15.v20140411\jetty-security-8.1.15.v20140411.jar;C:\Users\jramalho\.m2\repository\org\eclipse\jetty\jetty-servlet\8.1.15.v20140411\jetty-servlet-8.1.15.v20140411.jar;C:\Users\jramalho\.m2\repository\org\eclipse\jetty\jetty-xml\8.1.15.v20140411\jetty-xml-8.1.15.v20140411.jar;C:\Users\jramalho\.m2\repository\org\eclipse\jetty\jetty-webapp\8.1.15.v20140411\jetty-webapp-8.1.15.v20140411.jar;C:\Users\jramalho\.m2\repository\com\googlecode\log4jdbc\log4jdbc\1.2\log4jdbc-1.2.jar;C:\Users\jramalho\.m2\repository\io\reactivex\rxjava2\rxjava\2.0.4\rxjava-2.0.4.jar;C:\Users\jramalho\.m2\repository\pentaho-kettle\kettle-ui-swt\8.1.0.0-365\kettle-ui-swt-8.1.0.0-365.jar;C:\Users\jramalho\.m2\repository\pentaho-kettle\kettle-dbdialog\8.1.0.0-365\kettle-dbdialog-8.1.0.0-365.jar;C:\Users\jramalho\.m2\repository\pentaho\pentaho-vfs-browser\8.1.0.0-365\pentaho-vfs-browser-8.1.0.0-365.jar;C:\Users\jramalho\.m2\repository\commons-net\commons-net\1.4.1\commons-net-1.4.1.jar;C:\Users\jramalho\.m2\repository\oro\oro\2.0.8\oro-2.0.8.jar;C:\Users\jramalho\.m2\repository\org\pentaho\commons-xul-core\8.1.0.0-365\commons-xul-core-8.1.0.0-365.jar;C:\Users\jramalho\.m2\repository\org\pentaho\commons-xul-swt\8.1.0.0-365\commons-xul-swt-8.1.0.0-365.jar;C:\Users\jramalho\.m2\repository\org\pentaho\commons-xul-swing\8.1.0.0-365\commons-xul-swing-8.1.0.0-365.jar;C:\Users\jramalho\.m2\repository\pentaho\pentaho-capability-manager\8.1.0.0-365\pentaho-capability-manager-8.1.0.0-365.jar;C:\Users\jramalho\.m2\repository\org\eclipse\swt\org.eclipse.swt.gtk.linux.x86_64\4.6\org.eclipse.swt.gtk.linux.x86_64-4.6.jar;C:\Users\jramalho\.m2\repository\org\eclipse\equinox\common\3.3.0-v20070426\common-3.3.0-v20070426.jar;C:\Users\jramalho\.m2\repository\org\eclipse\jface\3.3.0-I20070606-0010\jface-3.3.0-I20070606-0010.jar;C:\Users\jramalho\.m2\repository\org\eclipse\core\commands\3.3.0-I20070605-0010\commands-3.3.0-I20070605-0010.jar;C:\Users\jramalho\.m2\repository\jfree\jfreechart\1.0.13\jfreechart-1.0.13.jar;C:\Users\jramalho\.m2\repository\pentaho-kettle\kettle-engine\8.1.0.0-365\kettle-engine-8.1.0.0-365-tests.jar;C:\Users\jramalho\.m2\repository\junit\junit\4.12\junit-4.12.jar;C:\Users\jramalho\.m2\repository\org\hamcrest\hamcrest-core\1.3\hamcrest-core-1.3.jar;C:\Users\jramalho\.m2\repository\org\mockito\mockito-all\1.10.19\mockito-all-1.10.19.jar;C:\Users\jramalho\.m2\repository\org\owasp\encoder\encoder\1.2\encoder-1.2.jar;C:\Users\jramalho\.m2\repository\com\jcraft\jsch\0.1.54\jsch-0.1.54.jar;C:\Users\jramalho\.m2\repository\com\google\guava\guava\20.0\guava-20.0.jar;C:\Users\jramalho\.m2\repository\org\apache\arrow\arrow-dataset\8.0.0\arrow-dataset-8.0.0.jar;C:\Users\jramalho\.m2\repository\org\apache\arrow\arrow-memory-core\8.0.0\arrow-memory-core-8.0.0.jar;C:\Users\jramalho\.m2\repository\com\google\code\findbugs\jsr305\3.0.2\jsr305-3.0.2.jar;C:\Users\jramalho\.m2\repository\org\apache\arrow\arrow-c-data\8.0.0\arrow-c-data-8.0.0.jar;C:\Users\jramalho\.m2\repository\org\apache\arrow\arrow-vector\8.0.0\arrow-vector-8.0.0.jar;C:\Users\jramalho\.m2\repository\org\apache\arrow\arrow-format\8.0.0\arrow-format-8.0.0.jar;C:\Users\jramalho\.m2\repository\com\fasterxml\jackson\datatype\jackson-datatype-jsr310\2.13.2\jackson-datatype-jsr310-2.13.2.jar;C:\Users\jramalho\.m2\repository\io\netty\netty-common\4.1.72.Final\netty-common-4.1.72.Final.jar;C:\Users\jramalho\.m2\repository\com\google\flatbuffers\flatbuffers-java\1.12.0\flatbuffers-java-1.12.0.jar;C:\Users\jramalho\.m2\repository\org\apache\arrow\flight-core\8.0.0\flight-core-8.0.0.jar;C:\Users\jramalho\.m2\repository\org\apache\arrow\arrow-memory-netty\8.0.0\arrow-memory-netty-8.0.0.jar;C:\Users\jramalho\.m2\repository\io\grpc\grpc-netty\1.44.1\grpc-netty-1.44.1.jar;C:\Users\jramalho\.m2\repository\io\netty\netty-codec-http2\4.1.72.Final\netty-codec-http2-4.1.72.Final.jar;C:\Users\jramalho\.m2\repository\io\netty\netty-codec-http\4.1.72.Final\netty-codec-http-4.1.72.Final.jar;C:\Users\jramalho\.m2\repository\io\netty\netty-handler-proxy\4.1.72.Final\netty-handler-proxy-4.1.72.Final.jar;C:\Users\jramalho\.m2\repository\io\netty\netty-codec-socks\4.1.72.Final\netty-codec-socks-4.1.72.Final.jar;C:\Users\jramalho\.m2\repository\com\google\errorprone\error_prone_annotations\2.9.0\error_prone_annotations-2.9.0.jar;C:\Users\jramalho\.m2\repository\io\perfmark\perfmark-api\0.23.0\perfmark-api-0.23.0.jar;C:\Users\jramalho\.m2\repository\io\grpc\grpc-core\1.44.1\grpc-core-1.44.1.jar;C:\Users\jramalho\.m2\repository\com\google\code\gson\gson\2.8.9\gson-2.8.9.jar;C:\Users\jramalho\.m2\repository\com\google\android\annotations\4.1.1.4\annotations-4.1.1.4.jar;C:\Users\jramalho\.m2\repository\org\codehaus\mojo\animal-sniffer-annotations\1.19\animal-sniffer-annotations-1.19.jar;C:\Users\jramalho\.m2\repository\io\grpc\grpc-context\1.44.1\grpc-context-1.44.1.jar;C:\Users\jramalho\.m2\repository\io\grpc\grpc-protobuf\1.44.1\grpc-protobuf-1.44.1.jar;C:\Users\jramalho\.m2\repository\com\google\api\grpc\proto-google-common-protos\2.0.1\proto-google-common-protos-2.0.1.jar;C:\Users\jramalho\.m2\repository\io\grpc\grpc-protobuf-lite\1.44.1\grpc-protobuf-lite-1.44.1.jar;C:\Users\jramalho\.m2\repository\io\netty\netty-tcnative-boringssl-static\2.0.46.Final\netty-tcnative-boringssl-static-2.0.46.Final.jar;C:\Users\jramalho\.m2\repository\io\netty\netty-tcnative-classes\2.0.46.Final\netty-tcnative-classes-2.0.46.Final.jar;C:\Users\jramalho\.m2\repository\io\netty\netty-buffer\4.1.72.Final\netty-buffer-4.1.72.Final.jar;C:\Users\jramalho\.m2\repository\io\netty\netty-handler\4.1.72.Final\netty-handler-4.1.72.Final.jar;C:\Users\jramalho\.m2\repository\io\netty\netty-resolver\4.1.72.Final\netty-resolver-4.1.72.Final.jar;C:\Users\jramalho\.m2\repository\io\netty\netty-codec\4.1.72.Final\netty-codec-4.1.72.Final.jar;C:\Users\jramalho\.m2\repository\io\netty\netty-transport\4.1.72.Final\netty-transport-4.1.72.Final.jar;C:\Users\jramalho\.m2\repository\io\grpc\grpc-stub\1.44.1\grpc-stub-1.44.1.jar;C:\Users\jramalho\.m2\repository\com\google\protobuf\protobuf-java\3.19.4\protobuf-java-3.19.4.jar;C:\Users\jramalho\.m2\repository\io\grpc\grpc-api\1.44.1\grpc-api-1.44.1.jar;C:\Users\jramalho\.m2\repository\javax\annotation\javax.annotation-api\1.3.2\javax.annotation-api-1.3.2.jar;C:\Users\jramalho\.m2\repository\com\fasterxml\jackson\core\jackson-core\2.7.4\jackson-core-2.7.4.jar;C:\Users\jramalho\.m2\repository\com\fasterxml\jackson\core\jackson-databind\2.7.4\jackson-databind-2.7.4.jar;C:\Users\jramalho\.m2\repository\com\fasterxml\jackson\core\jackson-annotations\2.7.4\jackson-annotations-2.7.4.jar;"/>
    <property name="java.vm.vendor" value="Eclipse Adoptium"/>
    <property name="sun.arch.data.model" value="64"/>
    <property name="user.variant" value=""/>
    <property name="java.vendor.url" value="https://adoptium.net/"/>
    <property name="user.timezone" value=""/>
    <property name="java.vm.specification.version" value="11"/>
    <property name="os.name" value="Windows 10"/>
    <property name="sun.java.launcher" value="SUN_STANDARD"/>
    <property name="user.country" value="US"/>
    <property name="sun.boot.library.path" value="C:\Program Files\Eclipse Adoptium\jdk-11.0.16.8-hotspot\bin"/>
    <property name="sun.java.command" value="C:\Users\jramalho\AppData\Local\Temp\surefire17951000755542900554\surefirebooter13569297682590389986.jar C:\Users\jramalho\AppData\Local\Temp\surefire17951000755542900554 2022-08-26T11-11-59_360-jvmRun1 surefire2140318955037534158tmp surefire_01274807636122498108tmp"/>
    <property name="jdk.debug" value="release"/>
    <property name="surefire.test.class.path" value="C:\Users\jramalho\proj_base_ex\kettle-sdk-plugin-assembly-8.1.0.0-365\kettle-sdk-plugin-assembly-8.1.0.0-365\kettle-sdk-step-plugin\target\test-classes;C:\Users\jramalho\proj_base_ex\kettle-sdk-plugin-assembly-8.1.0.0-365\kettle-sdk-plugin-assembly-8.1.0.0-365\kettle-sdk-step-plugin\target\classes;C:\Users\jramalho\.m2\repository\org\pentaho\pentaho-metadata\8.1.0.0-365\pentaho-metadata-8.1.0.0-365.jar;C:\Users\jramalho\.m2\repository\joda-time\joda-time\1.6\joda-time-1.6.jar;C:\Users\jramalho\.m2\repository\commons-lang\commons-lang\2.6\commons-lang-2.6.jar;C:\Users\jramalho\.m2\repository\commons-io\commons-io\2.2\commons-io-2.2.jar;C:\Users\jramalho\.m2\repository\commons-logging\commons-logging\1.1.1\commons-logging-1.1.1.jar;C:\Users\jramalho\.m2\repository\commons-math\commons-math\1.1\commons-math-1.1.jar;C:\Users\jramalho\.m2\repository\org\apache\httpcomponents\httpclient\4.5.3\httpclient-4.5.3.jar;C:\Users\jramalho\.m2\repository\org\apache\httpcomponents\httpcore\4.4.6\httpcore-4.4.6.jar;C:\Users\jramalho\.m2\repository\log4j\log4j\1.2.16\log4j-1.2.16.jar;C:\Users\jramalho\.m2\repository\com\thoughtworks\xstream\xstream\1.4.10\xstream-1.4.10.jar;C:\Users\jramalho\.m2\repository\org\netbeans\jmi\200507110943\jmi-200507110943.jar;C:\Users\jramalho\.m2\repository\org\netbeans\mdrapi\200507110943\mdrapi-200507110943.jar;C:\Users\jramalho\.m2\repository\org\netbeans\mof\200507110943\mof-200507110943.jar;C:\Users\jramalho\.m2\repository\org\netbeans\nbmdr\200507110943-custom\nbmdr-200507110943-custom.jar;C:\Users\jramalho\.m2\repository\pentaho\pentaho-connections\8.1.0.0-365\pentaho-connections-8.1.0.0-365.jar;C:\Users\jramalho\.m2\repository\pentaho\pentaho-cwm\1.5.4\pentaho-cwm-1.5.4.jar;C:\Users\jramalho\.m2\repository\org\netbeans\jmiutils\200507110943\jmiutils-200507110943.jar;C:\Users\jramalho\.m2\repository\org\netbeans\openide-util\200507110943\openide-util-200507110943.jar;C:\Users\jramalho\.m2\repository\org\pentaho\reporting\library\libformula\8.1.0.0-365\libformula-8.1.0.0-365.jar;C:\Users\jramalho\.m2\repository\org\pentaho\reporting\library\libbase\8.1.0.0-365\libbase-8.1.0.0-365.jar;C:\Users\jramalho\.m2\repository\pentaho-kettle\kettle-core\8.1.0.0-365\kettle-core-8.1.0.0-365.jar;C:\Users\jramalho\.m2\repository\pentaho\metastore\8.1.0.0-365\metastore-8.1.0.0-365.jar;C:\Users\jramalho\.m2\repository\org\slf4j\slf4j-api\1.7.7\slf4j-api-1.7.7.jar;C:\Users\jramalho\.m2\repository\org\slf4j\slf4j-log4j12\1.7.7\slf4j-log4j12-1.7.7.jar;C:\Users\jramalho\.m2\repository\commons-beanutils\commons-beanutils\1.9.3\commons-beanutils-1.9.3.jar;C:\Users\jramalho\.m2\repository\commons-codec\commons-codec\1.10\commons-codec-1.10.jar;C:\Users\jramalho\.m2\repository\org\apache\xmlgraphics\batik-bridge\1.9.1\batik-bridge-1.9.1.jar;C:\Users\jramalho\.m2\repository\org\apache\xmlgraphics\batik-css\1.9.1\batik-css-1.9.1.jar;C:\Users\jramalho\.m2\repository\org\apache\xmlgraphics\batik-dom\1.9.1\batik-dom-1.9.1.jar;C:\Users\jramalho\.m2\repository\org\apache\xmlgraphics\batik-gvt\1.9.1\batik-gvt-1.9.1.jar;C:\Users\jramalho\.m2\repository\org\apache\xmlgraphics\batik-svg-dom\1.9.1\batik-svg-dom-1.9.1.jar;C:\Users\jramalho\.m2\repository\org\apache\xmlgraphics\batik-transcoder\1.9.1\batik-transcoder-1.9.1.jar;C:\Users\jramalho\.m2\repository\org\apache\xmlgraphics\batik-codec\1.9.1\batik-codec-1.9.1.jar;C:\Users\jramalho\.m2\repository\org\apache\xmlgraphics\batik-util\1.9.1\batik-util-1.9.1.jar;C:\Users\jramalho\.m2\repository\org\apache\xmlgraphics\batik-ext\1.9.1\batik-ext-1.9.1.jar;C:\Users\jramalho\.m2\repository\org\apache\xmlgraphics\batik-xml\1.9.1\batik-xml-1.9.1.jar;C:\Users\jramalho\.m2\repository\org\apache\xmlgraphics\batik-anim\1.9.1\batik-anim-1.9.1.jar;C:\Users\jramalho\.m2\repository\org\apache\xmlgraphics\batik-parser\1.9.1\batik-parser-1.9.1.jar;C:\Users\jramalho\.m2\repository\org\apache\xmlgraphics\batik-script\1.9.1\batik-script-1.9.1.jar;C:\Users\jramalho\.m2\repository\org\apache\xmlgraphics\batik-awt-util\1.9.1\batik-awt-util-1.9.1.jar;C:\Users\jramalho\.m2\repository\org\apache\xmlgraphics\batik-constants\1.9.1\batik-constants-1.9.1.jar;C:\Users\jramalho\.m2\repository\org\apache\xmlgraphics\batik-i18n\1.9.1\batik-i18n-1.9.1.jar;C:\Users\jramalho\.m2\repository\xml-apis\xml-apis-ext\1.3.04\xml-apis-ext-1.3.04.jar;C:\Users\jramalho\.m2\repository\commons-collections\commons-collections\3.2.2\commons-collections-3.2.2.jar;C:\Users\jramalho\.m2\repository\org\apache\commons\commons-vfs2\2.2\commons-vfs2-2.2.jar;C:\Users\jramalho\.m2\repository\commons-dbcp\commons-dbcp\1.4\commons-dbcp-1.4.jar;C:\Users\jramalho\.m2\repository\commons-pool\commons-pool\1.5.7\commons-pool-1.5.7.jar;C:\Users\jramalho\.m2\repository\org\apache\commons\commons-compress\1.4.1\commons-compress-1.4.1.jar;C:\Users\jramalho\.m2\repository\dom4j\dom4j\1.6.1\dom4j-1.6.1.jar;C:\Users\jramalho\.m2\repository\org\eclipse\jetty\jetty-util\8.1.15.v20140411\jetty-util-8.1.15.v20140411.jar;C:\Users\jramalho\.m2\repository\jug-lgpl\jug-lgpl\2.0.0\jug-lgpl-2.0.0.jar;C:\Users\jramalho\.m2\repository\com\jcraft\jzlib\1.0.7\jzlib-1.0.7.jar;C:\Users\jramalho\.m2\repository\ognl\ognl\2.6.9\ognl-2.6.9.jar;C:\Users\jramalho\.m2\repository\net\sf\scannotation\scannotation\1.0.2\scannotation-1.0.2.jar;C:\Users\jramalho\.m2\repository\com\wcohen\com.wcohen.secondstring\0.1\com.wcohen.secondstring-0.1.jar;C:\Users\jramalho\.m2\repository\org\javassist\javassist\3.20.0-GA\javassist-3.20.0-GA.jar;C:\Users\jramalho\.m2\repository\org\samba\jcifs\jcifs\1.3.3\jcifs-1.3.3.jar;C:\Users\jramalho\.m2\repository\org\apache\karaf\org.apache.karaf.main\3.0.3\org.apache.karaf.main-3.0.3.jar;C:\Users\jramalho\.m2\repository\pentaho\simple-jndi\1.0.0\simple-jndi-1.0.0.jar;C:\Users\jramalho\.m2\repository\pentaho-kettle\kettle-engine\8.1.0.0-365\kettle-engine-8.1.0.0-365.jar;C:\Users\jramalho\.m2\repository\org\pentaho\pdi-engine-api\8.1.0.0-365\pdi-engine-api-8.1.0.0-365.jar;C:\Users\jramalho\.m2\repository\javax\websocket\javax.websocket-api\1.0\javax.websocket-api-1.0.jar;C:\Users\jramalho\.m2\repository\org\reactivestreams\reactive-streams\1.0.0\reactive-streams-1.0.0.jar;C:\Users\jramalho\.m2\repository\org\pentaho\pentaho-registry\8.1.0.0-365\pentaho-registry-8.1.0.0-365.jar;C:\Users\jramalho\.m2\repository\pentaho\mondrian\8.1.0.0-365\mondrian-8.1.0.0-365.jar;C:\Users\jramalho\.m2\repository\xml-apis\xml-apis\1.0.b2\xml-apis-1.0.b2.jar;C:\Users\jramalho\.m2\repository\javax\validation\validation-api\1.0.0.GA\validation-api-1.0.0.GA.jar;C:\Users\jramalho\.m2\repository\eigenbase\eigenbase-xom\1.3.5\eigenbase-xom-1.3.5.jar;C:\Users\jramalho\.m2\repository\eigenbase\eigenbase-properties\1.1.2\eigenbase-properties-1.1.2.jar;C:\Users\jramalho\.m2\repository\eigenbase\eigenbase-resgen\1.3.1\eigenbase-resgen-1.3.1.jar;C:\Users\jramalho\.m2\repository\xerces\xercesImpl\2.8.1\xercesImpl-2.8.1.jar;C:\Users\jramalho\.m2\repository\javax\servlet\servlet-api\2.4\servlet-api-2.4.jar;C:\Users\jramalho\.m2\repository\javax\servlet\jsp-api\2.0\jsp-api-2.0.jar;C:\Users\jramalho\.m2\repository\javacup\javacup\10k\javacup-10k.jar;C:\Users\jramalho\.m2\repository\net\java\dev\javacc\javacc\5.0\javacc-5.0.jar;C:\Users\jramalho\.m2\repository\pentaho\pentaho-platform-api\8.1.0.0-365\pentaho-platform-api-8.1.0.0-365.jar;C:\Users\jramalho\.m2\repository\org\springframework\security\spring-security-core\4.1.3.RELEASE\spring-security-core-4.1.3.RELEASE.jar;C:\Users\jramalho\.m2\repository\org\springframework\spring-beans\4.3.2.RELEASE\spring-beans-4.3.2.RELEASE.jar;C:\Users\jramalho\.m2\repository\org\pentaho\actionsequence-dom\8.1.0.0-365\actionsequence-dom-8.1.0.0-365.jar;C:\Users\jramalho\.m2\repository\jaxen\jaxen\1.1\jaxen-1.1.jar;C:\Users\jramalho\.m2\repository\jdom\jdom\1.0\jdom-1.0.jar;C:\Users\jramalho\.m2\repository\xom\xom\1.0\xom-1.0.jar;C:\Users\jramalho\.m2\repository\xerces\xmlParserAPIs\2.6.2\xmlParserAPIs-2.6.2.jar;C:\Users\jramalho\.m2\repository\xalan\xalan\2.6.0\xalan-2.6.0.jar;C:\Users\jramalho\.m2\repository\com\ibm\icu\icu4j\2.6.1\icu4j-2.6.1.jar;C:\Users\jramalho\.m2\repository\org\pentaho\commons-database-model\8.1.0.0-365\commons-database-model-8.1.0.0-365.jar;C:\Users\jramalho\.m2\repository\pentaho\pentaho-service-coordinator\8.1.0.0-365\pentaho-service-coordinator-8.1.0.0-365.jar;C:\Users\jramalho\.m2\repository\org\pentaho\reporting\library\libfonts\8.1.0.0-365\libfonts-8.1.0.0-365.jar;C:\Users\jramalho\.m2\repository\org\pentaho\reporting\library\libloader\8.1.0.0-365\libloader-8.1.0.0-365.jar;C:\Users\jramalho\.m2\repository\org\pentaho\reporting\library\libpixie\8.1.0.0-365\libpixie-8.1.0.0-365.jar;C:\Users\jramalho\.m2\repository\org\apache\xmlgraphics\batik-gui-util\1.9.1\batik-gui-util-1.9.1.jar;C:\Users\jramalho\.m2\repository\org\apache\xmlgraphics\xmlgraphics-commons\2.2\xmlgraphics-commons-2.2.jar;C:\Users\jramalho\.m2\repository\com\lowagie\itext\2.1.7\itext-2.1.7.jar;C:\Users\jramalho\.m2\repository\org\pentaho\reporting\engine\classic-core\8.1.0.0-365\classic-core-8.1.0.0-365.jar;C:\Users\jramalho\.m2\repository\org\pentaho\reporting\library\libdocbundle\8.1.0.0-365\libdocbundle-8.1.0.0-365.jar;C:\Users\jramalho\.m2\repository\org\pentaho\reporting\library\libformat\8.1.0.0-365\libformat-8.1.0.0-365.jar;C:\Users\jramalho\.m2\repository\org\pentaho\reporting\library\librepository\8.1.0.0-365\librepository-8.1.0.0-365.jar;C:\Users\jramalho\.m2\repository\org\pentaho\reporting\library\libserializer\8.1.0.0-365\libserializer-8.1.0.0-365.jar;C:\Users\jramalho\.m2\repository\org\pentaho\reporting\library\libxml\8.1.0.0-365\libxml-8.1.0.0-365.jar;C:\Users\jramalho\.m2\repository\org\pentaho\reporting\library\libswing\8.1.0.0-365\libswing-8.1.0.0-365.jar;C:\Users\jramalho\.m2\repository\org\pentaho\reporting\library\flute\8.1.0.0-365\flute-8.1.0.0-365.jar;C:\Users\jramalho\.m2\repository\org\w3c\css\sac\1.3\sac-1.3.jar;C:\Users\jramalho\.m2\repository\org\fife\ui\rsyntaxtextarea\1.3.2\rsyntaxtextarea-1.3.2.jar;C:\Users\jramalho\.m2\repository\bsf\bsf\2.4.0\bsf-2.4.0.jar;C:\Users\jramalho\.m2\repository\org\beanshell\bsh\1.3.0\bsh-1.3.0.jar;C:\Users\jramalho\.m2\repository\org\codehaus\groovy\groovy-all\2.4.8\groovy-all-2.4.8.jar;C:\Users\jramalho\.m2\repository\asm\asm\3.2\asm-3.2.jar;C:\Users\jramalho\.m2\repository\com\lowagie\itext-rtf\2.1.7\itext-rtf-2.1.7.jar;C:\Users\jramalho\.m2\repository\bouncycastle\bcprov-jdk14\138\bcprov-jdk14-138.jar;C:\Users\jramalho\.m2\repository\bouncycastle\bcmail-jdk14\138\bcmail-jdk14-138.jar;C:\Users\jramalho\.m2\repository\rhino\js\1.7R3\js-1.7R3.jar;C:\Users\jramalho\.m2\repository\org\antlr\antlr-complete\3.5.2\antlr-complete-3.5.2.jar;C:\Users\jramalho\.m2\repository\commons-validator\commons-validator\1.3.1\commons-validator-1.3.1.jar;C:\Users\jramalho\.m2\repository\com\enterprisedt\edtftpj\2.1.0\edtftpj-2.1.0.jar;C:\Users\jramalho\.m2\repository\com\googlecode\jsendnsca\jsendnsca\2.0.1\jsendnsca-2.0.1.jar;C:\Users\jramalho\.m2\repository\feed4j\feed4j\1.0\feed4j-1.0.jar;C:\Users\jramalho\.m2\repository\ftp4che\ftp4che\0.7.1\ftp4che-0.7.1.jar;C:\Users\jramalho\.m2\repository\georss-rome\georss-rome\0.9.8\georss-rome-0.9.8.jar;C:\Users\jramalho\.m2\repository\infobright\infobright-core\3.4\infobright-core-3.4.jar;C:\Users\jramalho\.m2\repository\org\ini4j\ini4j\0.5.1\ini4j-0.5.1.jar;C:\Users\jramalho\.m2\repository\janino\janino\2.5.16\janino-2.5.16.jar;C:\Users\jramalho\.m2\repository\javadbf\javadbf\20081125\javadbf-20081125.jar;C:\Users\jramalho\.m2\repository\jfree\jcommon\1.0.16\jcommon-1.0.16.jar;C:\Users\jramalho\.m2\repository\com\googlecode\json-simple\json-simple\1.1\json-simple-1.1.jar;C:\Users\jramalho\.m2\repository\jsonpath\jsonpath\1.0\jsonpath-1.0.jar;C:\Users\jramalho\.m2\repository\com\sun\jersey\contribs\jersey-apache-client4\1.19.1\jersey-apache-client4-1.19.1.jar;C:\Users\jramalho\.m2\repository\com\sun\jersey\jersey-bundle\1.19.1\jersey-bundle-1.19.1.jar;C:\Users\jramalho\.m2\repository\com\sun\jersey\jersey-client\1.19.1\jersey-client-1.19.1.jar;C:\Users\jramalho\.m2\repository\com\sun\jersey\jersey-core\1.19.1\jersey-core-1.19.1.jar;C:\Users\jramalho\.m2\repository\jexcelapi\jxl\2.6.12\jxl-2.6.12.jar;C:\Users\jramalho\.m2\repository\ldapjdk\ldapjdk\20000524\ldapjdk-20000524.jar;C:\Users\jramalho\.m2\repository\monetdb\monetdb-jdbc\2.8\monetdb-jdbc-2.8.jar;C:\Users\jramalho\.m2\repository\org\odftoolkit\odfdom-java\0.8.6\odfdom-java-0.8.6.jar;C:\Users\jramalho\.m2\repository\org\apache\poi\poi\3.17\poi-3.17.jar;C:\Users\jramalho\.m2\repository\org\apache\poi\poi-ooxml\3.17\poi-ooxml-3.17.jar;C:\Users\jramalho\.m2\repository\org\apache\poi\poi-ooxml-schemas\3.17\poi-ooxml-schemas-3.17.jar;C:\Users\jramalho\.m2\repository\org\apache\commons\commons-collections4\4.1\commons-collections4-4.1.jar;C:\Users\jramalho\.m2\repository\org\apache\xmlbeans\xmlbeans\2.6.0\xmlbeans-2.6.0.jar;C:\Users\jramalho\.m2\repository\org\postgresql\postgresql\42.1.1\postgresql-42.1.1.jar;C:\Users\jramalho\.m2\repository\rome\rome\1.0\rome-1.0.jar;C:\Users\jramalho\.m2\repository\org\eobjects\sassyreader\SassyReader\0.5\SassyReader-0.5.jar;C:\Users\jramalho\.m2\repository\net\sf\saxon\saxon\9.1.0.8\saxon-9.1.0.8.jar;C:\Users\jramalho\.m2\repository\net\sf\saxon\saxon-dom\9.1.0.8\saxon-dom-9.1.0.8.jar;C:\Users\jramalho\.m2\repository\org\yaml\snakeyaml\1.7\snakeyaml-1.7.jar;C:\Users\jramalho\.m2\repository\org\snmp4j\snmp4j\1.9.3d\snmp4j-1.9.3d.jar;C:\Users\jramalho\.m2\repository\org\syslog4j\syslog4j\0.9.46\syslog4j-0.9.46.jar;C:\Users\jramalho\.m2\repository\trilead-ssh2\trilead-ssh2\build213\trilead-ssh2-build213.jar;C:\Users\jramalho\.m2\repository\javax\xml\jaxrpc-api\1.1\jaxrpc-api-1.1.jar;C:\Users\jramalho\.m2\repository\org\olap4j\olap4j\1.2.0\olap4j-1.2.0.jar;C:\Users\jramalho\.m2\repository\org\olap4j\olap4j-xmla\1.2.0\olap4j-xmla-1.2.0.jar;C:\Users\jramalho\.m2\repository\wsdl4j\wsdl4j\1.6.2\wsdl4j-1.6.2.jar;C:\Users\jramalho\.m2\repository\wsdl4j\wsdl4j-qname\1.6.1\wsdl4j-qname-1.6.1.jar;C:\Users\jramalho\.m2\repository\net\sf\ehcache\ehcache-core\2.5.1\ehcache-core-2.5.1.jar;C:\Users\jramalho\.m2\repository\com\fasterxml\jackson\jaxrs\jackson-jaxrs-json-provider\2.9.4\jackson-jaxrs-json-provider-2.9.4.jar;C:\Users\jramalho\.m2\repository\com\fasterxml\jackson\jaxrs\jackson-jaxrs-base\2.9.4\jackson-jaxrs-base-2.9.4.jar;C:\Users\jramalho\.m2\repository\com\fasterxml\jackson\module\jackson-module-jaxb-annotations\2.9.4\jackson-module-jaxb-annotations-2.9.4.jar;C:\Users\jramalho\.m2\repository\org\hibernate\hibernate-core\3.6.9.Final\hibernate-core-3.6.9.Final.jar;C:\Users\jramalho\.m2\repository\org\hibernate\hibernate-c3p0\3.6.9.Final\hibernate-c3p0-3.6.9.Final.jar;C:\Users\jramalho\.m2\repository\org\hibernate\hibernate-commons-annotations\3.2.0.Final\hibernate-commons-annotations-3.2.0.Final.jar;C:\Users\jramalho\.m2\repository\org\hibernate\hibernate-ehcache\3.6.9.Final\hibernate-ehcache-3.6.9.Final.jar;C:\Users\jramalho\.m2\repository\cglib\cglib-nodep\2.2\cglib-nodep-2.2.jar;C:\Users\jramalho\.m2\repository\net\sourceforge\nekohtml\nekohtml\1.9.15\nekohtml-1.9.15.jar;C:\Users\jramalho\.m2\repository\javax\mail\mail\1.4.7\mail-1.4.7.jar;C:\Users\jramalho\.m2\repository\javax\activation\activation\1.1\activation-1.1.jar;C:\Users\jramalho\.m2\repository\org\mnode\mstor\mstor\0.9.13\mstor-0.9.13.jar;C:\Users\jramalho\.m2\repository\org\xerial\snappy\snappy-java\1.1.0\snappy-java-1.1.0.jar;C:\Users\jramalho\.m2\repository\commons-cli\commons-cli\1.2\commons-cli-1.2.jar;C:\Users\jramalho\.m2\repository\org\eclipse\jetty\jetty-plus\8.1.15.v20140411\jetty-plus-8.1.15.v20140411.jar;C:\Users\jramalho\.m2\repository\org\eclipse\jetty\jetty-server\8.1.15.v20140411\jetty-server-8.1.15.v20140411.jar;C:\Users\jramalho\.m2\repository\org\eclipse\jetty\jetty-continuation\8.1.15.v20140411\jetty-continuation-8.1.15.v20140411.jar;C:\Users\jramalho\.m2\repository\org\eclipse\jetty\jetty-http\8.1.15.v20140411\jetty-http-8.1.15.v20140411.jar;C:\Users\jramalho\.m2\repository\org\eclipse\jetty\jetty-io\8.1.15.v20140411\jetty-io-8.1.15.v20140411.jar;C:\Users\jramalho\.m2\repository\org\eclipse\jetty\jetty-security\8.1.15.v20140411\jetty-security-8.1.15.v20140411.jar;C:\Users\jramalho\.m2\repository\org\eclipse\jetty\jetty-servlet\8.1.15.v20140411\jetty-servlet-8.1.15.v20140411.jar;C:\Users\jramalho\.m2\repository\org\eclipse\jetty\jetty-xml\8.1.15.v20140411\jetty-xml-8.1.15.v20140411.jar;C:\Users\jramalho\.m2\repository\org\eclipse\jetty\jetty-webapp\8.1.15.v20140411\jetty-webapp-8.1.15.v20140411.jar;C:\Users\jramalho\.m2\repository\com\googlecode\log4jdbc\log4jdbc\1.2\log4jdbc-1.2.jar;C:\Users\jramalho\.m2\repository\io\reactivex\rxjava2\rxjava\2.0.4\rxjava-2.0.4.jar;C:\Users\jramalho\.m2\repository\pentaho-kettle\kettle-ui-swt\8.1.0.0-365\kettle-ui-swt-8.1.0.0-365.jar;C:\Users\jramalho\.m2\repository\pentaho-kettle\kettle-dbdialog\8.1.0.0-365\kettle-dbdialog-8.1.0.0-365.jar;C:\Users\jramalho\.m2\repository\pentaho\pentaho-vfs-browser\8.1.0.0-365\pentaho-vfs-browser-8.1.0.0-365.jar;C:\Users\jramalho\.m2\repository\commons-net\commons-net\1.4.1\commons-net-1.4.1.jar;C:\Users\jramalho\.m2\repository\oro\oro\2.0.8\oro-2.0.8.jar;C:\Users\jramalho\.m2\repository\org\pentaho\commons-xul-core\8.1.0.0-365\commons-xul-core-8.1.0.0-365.jar;C:\Users\jramalho\.m2\repository\org\pentaho\commons-xul-swt\8.1.0.0-365\commons-xul-swt-8.1.0.0-365.jar;C:\Users\jramalho\.m2\repository\org\pentaho\commons-xul-swing\8.1.0.0-365\commons-xul-swing-8.1.0.0-365.jar;C:\Users\jramalho\.m2\repository\pentaho\pentaho-capability-manager\8.1.0.0-365\pentaho-capability-manager-8.1.0.0-365.jar;C:\Users\jramalho\.m2\repository\org\eclipse\swt\org.eclipse.swt.gtk.linux.x86_64\4.6\org.eclipse.swt.gtk.linux.x86_64-4.6.jar;C:\Users\jramalho\.m2\repository\org\eclipse\equinox\common\3.3.0-v20070426\common-3.3.0-v20070426.jar;C:\Users\jramalho\.m2\repository\org\eclipse\jface\3.3.0-I20070606-0010\jface-3.3.0-I20070606-0010.jar;C:\Users\jramalho\.m2\repository\org\eclipse\core\commands\3.3.0-I20070605-0010\commands-3.3.0-I20070605-0010.jar;C:\Users\jramalho\.m2\repository\jfree\jfreechart\1.0.13\jfreechart-1.0.13.jar;C:\Users\jramalho\.m2\repository\pentaho-kettle\kettle-engine\8.1.0.0-365\kettle-engine-8.1.0.0-365-tests.jar;C:\Users\jramalho\.m2\repository\junit\junit\4.12\junit-4.12.jar;C:\Users\jramalho\.m2\repository\org\hamcrest\hamcrest-core\1.3\hamcrest-core-1.3.jar;C:\Users\jramalho\.m2\repository\org\mockito\mockito-all\1.10.19\mockito-all-1.10.19.jar;C:\Users\jramalho\.m2\repository\org\owasp\encoder\encoder\1.2\encoder-1.2.jar;C:\Users\jramalho\.m2\repository\com\jcraft\jsch\0.1.54\jsch-0.1.54.jar;C:\Users\jramalho\.m2\repository\com\google\guava\guava\20.0\guava-20.0.jar;C:\Users\jramalho\.m2\repository\org\apache\arrow\arrow-dataset\8.0.0\arrow-dataset-8.0.0.jar;C:\Users\jramalho\.m2\repository\org\apache\arrow\arrow-memory-core\8.0.0\arrow-memory-core-8.0.0.jar;C:\Users\jramalho\.m2\repository\com\google\code\findbugs\jsr305\3.0.2\jsr305-3.0.2.jar;C:\Users\jramalho\.m2\repository\org\apache\arrow\arrow-c-data\8.0.0\arrow-c-data-8.0.0.jar;C:\Users\jramalho\.m2\repository\org\apache\arrow\arrow-vector\8.0.0\arrow-vector-8.0.0.jar;C:\Users\jramalho\.m2\repository\org\apache\arrow\arrow-format\8.0.0\arrow-format-8.0.0.jar;C:\Users\jramalho\.m2\repository\com\fasterxml\jackson\datatype\jackson-datatype-jsr310\2.13.2\jackson-datatype-jsr310-2.13.2.jar;C:\Users\jramalho\.m2\repository\io\netty\netty-common\4.1.72.Final\netty-common-4.1.72.Final.jar;C:\Users\jramalho\.m2\repository\com\google\flatbuffers\flatbuffers-java\1.12.0\flatbuffers-java-1.12.0.jar;C:\Users\jramalho\.m2\repository\org\apache\arrow\flight-core\8.0.0\flight-core-8.0.0.jar;C:\Users\jramalho\.m2\repository\org\apache\arrow\arrow-memory-netty\8.0.0\arrow-memory-netty-8.0.0.jar;C:\Users\jramalho\.m2\repository\io\grpc\grpc-netty\1.44.1\grpc-netty-1.44.1.jar;C:\Users\jramalho\.m2\repository\io\netty\netty-codec-http2\4.1.72.Final\netty-codec-http2-4.1.72.Final.jar;C:\Users\jramalho\.m2\repository\io\netty\netty-codec-http\4.1.72.Final\netty-codec-http-4.1.72.Final.jar;C:\Users\jramalho\.m2\repository\io\netty\netty-handler-proxy\4.1.72.Final\netty-handler-proxy-4.1.72.Final.jar;C:\Users\jramalho\.m2\repository\io\netty\netty-codec-socks\4.1.72.Final\netty-codec-socks-4.1.72.Final.jar;C:\Users\jramalho\.m2\repository\com\google\errorprone\error_prone_annotations\2.9.0\error_prone_annotations-2.9.0.jar;C:\Users\jramalho\.m2\repository\io\perfmark\perfmark-api\0.23.0\perfmark-api-0.23.0.jar;C:\Users\jramalho\.m2\repository\io\grpc\grpc-core\1.44.1\grpc-core-1.44.1.jar;C:\Users\jramalho\.m2\repository\com\google\code\gson\gson\2.8.9\gson-2.8.9.jar;C:\Users\jramalho\.m2\repository\com\google\android\annotations\4.1.1.4\annotations-4.1.1.4.jar;C:\Users\jramalho\.m2\repository\org\codehaus\mojo\animal-sniffer-annotations\1.19\animal-sniffer-annotations-1.19.jar;C:\Users\jramalho\.m2\repository\io\grpc\grpc-context\1.44.1\grpc-context-1.44.1.jar;C:\Users\jramalho\.m2\repository\io\grpc\grpc-protobuf\1.44.1\grpc-protobuf-1.44.1.jar;C:\Users\jramalho\.m2\repository\com\google\api\grpc\proto-google-common-protos\2.0.1\proto-google-common-protos-2.0.1.jar;C:\Users\jramalho\.m2\repository\io\grpc\grpc-protobuf-lite\1.44.1\grpc-protobuf-lite-1.44.1.jar;C:\Users\jramalho\.m2\repository\io\netty\netty-tcnative-boringssl-static\2.0.46.Final\netty-tcnative-boringssl-static-2.0.46.Final.jar;C:\Users\jramalho\.m2\repository\io\netty\netty-tcnative-classes\2.0.46.Final\netty-tcnative-classes-2.0.46.Final.jar;C:\Users\jramalho\.m2\repository\io\netty\netty-buffer\4.1.72.Final\netty-buffer-4.1.72.Final.jar;C:\Users\jramalho\.m2\repository\io\netty\netty-handler\4.1.72.Final\netty-handler-4.1.72.Final.jar;C:\Users\jramalho\.m2\repository\io\netty\netty-resolver\4.1.72.Final\netty-resolver-4.1.72.Final.jar;C:\Users\jramalho\.m2\repository\io\netty\netty-codec\4.1.72.Final\netty-codec-4.1.72.Final.jar;C:\Users\jramalho\.m2\repository\io\netty\netty-transport\4.1.72.Final\netty-transport-4.1.72.Final.jar;C:\Users\jramalho\.m2\repository\io\grpc\grpc-stub\1.44.1\grpc-stub-1.44.1.jar;C:\Users\jramalho\.m2\repository\com\google\protobuf\protobuf-java\3.19.4\protobuf-java-3.19.4.jar;C:\Users\jramalho\.m2\repository\io\grpc\grpc-api\1.44.1\grpc-api-1.44.1.jar;C:\Users\jramalho\.m2\repository\javax\annotation\javax.annotation-api\1.3.2\javax.annotation-api-1.3.2.jar;C:\Users\jramalho\.m2\repository\com\fasterxml\jackson\core\jackson-core\2.7.4\jackson-core-2.7.4.jar;C:\Users\jramalho\.m2\repository\com\fasterxml\jackson\core\jackson-databind\2.7.4\jackson-databind-2.7.4.jar;C:\Users\jramalho\.m2\repository\com\fasterxml\jackson\core\jackson-annotations\2.7.4\jackson-annotations-2.7.4.jar;"/>
    <property name="sun.cpu.endian" value="little"/>
    <property name="user.home" value="C:\Users\jramalho"/>
    <property name="user.language" value="en"/>
    <property name="java.specification.vendor" value="Oracle Corporation"/>
    <property name="java.version.date" value="2022-07-19"/>
    <property name="java.home" value="C:\Program Files\Eclipse Adoptium\jdk-11.0.16.8-hotspot"/>
    <property name="file.separator" value="\"/>
    <property name="basedir" value="C:\Users\jramalho\proj_base_ex\kettle-sdk-plugin-assembly-8.1.0.0-365\kettle-sdk-plugin-assembly-8.1.0.0-365\kettle-sdk-step-plugin"/>
    <property name="java.vm.compressedOopsMode" value="Zero based"/>
    <property name="line.separator" value="&#10;"/>
    <property name="java.specification.name" value="Java Platform API Specification"/>
    <property name="java.vm.specification.vendor" value="Oracle Corporation"/>
    <property name="java.awt.graphicsenv" value="sun.awt.Win32GraphicsEnvironment"/>
    <property name="surefire.real.class.path" value="C:\Users\jramalho\AppData\Local\Temp\surefire17951000755542900554\surefirebooter13569297682590389986.jar"/>
    <property name="user.script" value=""/>
    <property name="sun.management.compiler" value="HotSpot 64-Bit Tiered Compilers"/>
    <property name="java.runtime.version" value="11.0.16+8"/>
    <property name="user.name" value="jramalho"/>
    <property name="path.separator" value=";"/>
    <property name="os.version" value="10.0"/>
    <property name="java.runtime.name" value="OpenJDK Runtime Environment"/>
    <property name="file.encoding" value="UTF-8"/>
    <property name="java.vm.name" value="OpenJDK 64-Bit Server VM"/>
    <property name="java.vendor.version" value="Temurin-11.0.16+8"/>
    <property name="localRepository" value="C:\Users\jramalho\.m2\repository"/>
    <property name="java.vendor.url.bug" value="https://github.com/adoptium/adoptium-support/issues"/>
    <property name="java.io.tmpdir" value="C:\Users\jramalho\AppData\Local\Temp\"/>
    <property name="java.version" value="11.0.16"/>
    <property name="user.dir" value="C:\Users\jramalho\proj_base_ex\kettle-sdk-plugin-assembly-8.1.0.0-365\kettle-sdk-plugin-assembly-8.1.0.0-365\kettle-sdk-step-plugin"/>
    <property name="os.arch" value="amd64"/>
    <property name="java.vm.specification.name" value="Java Virtual Machine Specification"/>
    <property name="java.awt.printerjob" value="sun.awt.windows.WPrinterJob"/>
    <property name="sun.os.patch.level" value=""/>
    <property name="java.library.path" value="C:\Program Files\Eclipse Adoptium\jdk-11.0.16.8-hotspot\bin;C:\WINDOWS\Sun\Java\bin;C:\WINDOWS\system32;C:\WINDOWS;C:\Program Files\Eclipse Adoptium\jdk-18.0.2.9-hotspot\bin;C:\Program Files\Common Files\Oracle\Java\javapath;C:\Program Files\Eclipse Adoptium\jdk-11.0.16.8-hotspot\bin;C:\Program Files (x86)\Common Files\Oracle\Java\javapath;C:\WINDOWS\system32;C:\WINDOWS;C:\WINDOWS\System32\Wbem;C:\WINDOWS\System32\WindowsPowerShell\v1.0\;C:\WINDOWS\System32\OpenSSH\;C:\Program Files\TortoiseGit\bin;C:\Users\jramalho\stuff\apache-maven\apache-maven-3.8.6\bin;C:\Users\jramalho\AppData\Local\Programs\Python\Python38\Scripts\;C:\Users\jramalho\AppData\Local\Programs\Python\Python38\;C:\Users\jramalho\AppData\Local\Microsoft\WindowsApps;C:\Users\jramalho\AppData\Local\Programs\Microsoft VS Code\bin;C:\Users\jramalho\AppData\Local\JetBrains\Toolbox\scripts;C:\Users\jramalho\AppData\Local\GitHubDesktop\bin;C:\Users\jramalho\AppData\Local\Programs\Git\cmd;."/>
    <property name="java.vm.info" value="mixed mode"/>
    <property name="java.vendor" value="Eclipse Adoptium"/>
    <property name="java.vm.version" value="11.0.16+8"/>
    <property name="sun.io.unicode.encoding" value="UnicodeLittle"/>
    <property name="skiptests" value="true"/>
    <property name="java.class.version" value="55.0"/>
  </properties>
  <testcase name="testDefaults" classname="org.pentaho.di.sdk.samples.steps.demo.DemoStepDataTest" time="2.814"/>
</testsuite>